<?xml version="1.0" encoding="UTF-8"?>
<!-- Generated by org.testng.reporters.JUnitXMLReporter -->
<testsuite ignored="0" hostname="LAPTOP-755STTQD" failures="1" tests="13" name="FirefoxTests" time="174.715" errors="0" timestamp="2025-09-11T11:12:20 IST">
  <testcase classname="tests.LoginTest" name="EnterLoginCredential" time="2.756"/>
  <testcase classname="tests.LoginTest" name="testClosePopup" time="0.222"/>
  <testcase classname="tests.FlightTest" name="ads" time="0.804"/>
  <testcase classname="tests.FlightTest" name="OneWayTrip" time="22.155"/>
  <testcase classname="tests.FlightTest" name="RoundTrip" time="22.166"/>
  <testcase classname="tests.HotelTest" name="hotelSearchWithFutureDatesTest" time="7.843"/>
  <testcase classname="tests.HotelTest" name="hotelFilterApplicationTest" time="19.827">
    <failure type="java.lang.AssertionError" message="expected [true] but found [false]">
      <![CDATA[java.lang.AssertionError: expected [true] but found [false]
at tests.HotelTest.hotelFilterApplicationTest(HotelTest.java:45)
at java.base/java.util.ArrayList.forEach(ArrayList.java:1596)
... Removed 29 stack frames]]>
    </failure>
  </testcase> <!-- hotelFilterApplicationTest -->
  <testcase classname="tests.HotelTest" name="hotelSortResults" time="13.777"/>
  <testcase classname="tests.HotelTest" name="hotelDetailPageValidation" time="6.473"/>
  <testcase classname="tests.HotelTest" name="hotelRoomBooking" time="10.974"/>
  <testcase classname="tests.HotelTest" name="hotelSearchWithPastCheckinDate" time="6.341"/>
  <testcase classname="tests.HotelTest" name="hotelSearchWithSameCheckinCheckoutDate" time="14.759"/>
  <testcase classname="tests.HotelTest" name="hotelSearchWithoutDestination" time="6.246"/>
</testsuite> <!-- FirefoxTests -->
