<html>
<head>
<title>TestNG:  FirefoxTests</title>
<link href="../testng.css" rel="stylesheet" type="text/css" />
<link href="../my-testng.css" rel="stylesheet" type="text/css" />

<style type="text/css">
.log { display: none;} 
.stack-trace { display: none;} 
</style>
<script type="text/javascript">
<!--
function flip(e) {
  current = e.style.display;
  if (current == 'block') {
    e.style.display = 'none';
    return 0;
  }
  else {
    e.style.display = 'block';
    return 1;
  }
}

function toggleBox(szDivId, elem, msg1, msg2)
{
  var res = -1;  if (document.getElementById) {
    res = flip(document.getElementById(szDivId));
  }
  else if (document.all) {
    // this is the way old msie versions work
    res = flip(document.all[szDivId]);
  }
  if(elem) {
    if(res == 0) elem.innerHTML = msg1; else elem.innerHTML = msg2;
  }

}

function toggleAllBoxes() {
  if (document.getElementsByTagName) {
    d = document.getElementsByTagName('div');
    for (i = 0; i < d.length; i++) {
      if (d[i].className == 'log') {
        flip(d[i]);
      }
    }
  }
}

// -->
</script>

</head>
<body>
<h2 align='center'>FirefoxTests</h2><table border='1' align="center">
<tr>
<td>Tests passed/Failed/Skipped:</td><td>12/1/0</td>
</tr><tr>
<td>Started on:</td><td>Thu Sep 11 11:09:25 IST 2025</td>
</tr>
<tr><td>Total time:</td><td>174 seconds (174715 ms)</td>
</tr><tr>
<td>Included groups:</td><td></td>
</tr><tr>
<td>Excluded groups:</td><td></td>
</tr>
</table><p/>
<small><i>(Hover the method name to see the test class name)</i></small><p/>
<table width='100%' border='1' class='invocation-failed'>
<tr><td colspan='4' align='center'><b>FAILED TESTS</b></td></tr>
<tr><td><b>Test method</b></td>
<td><b>Attribute(s)</b></td>
<td width="30%"><b>Exception</b></td>
<td width="10%"><b>Time (seconds)</b></td>
<td><b>Instance</b></td>
</tr>
<tr>
<td title='tests.HotelTest.hotelFilterApplicationTest()'><b>hotelFilterApplicationTest</b><br>Test class: tests.HotelTest<br>Test method: Apply filters like star rating, amenities, and price range</td>
<td><div><pre>java.lang.AssertionError: expected [true] but found [false]
	at tests.HotelTest.hotelFilterApplicationTest(HotelTest.java:45)
	at java.base/java.util.ArrayList.forEach(ArrayList.java:1596)
... Removed 29 stack frames</pre></div><a href='#' onClick='toggleBox("stack-trace525551643", this, "Click to show all stack frames", "Click to hide stack frames")'>Click to show all stack frames</a>
<div class='stack-trace' id='stack-trace525551643'><pre>java.lang.AssertionError: expected [true] but found [false]
	at org.testng.Assert.fail(Assert.java:111)
	at org.testng.Assert.failNotEquals(Assert.java:1590)
	at org.testng.Assert.assertTrue(Assert.java:57)
	at org.testng.Assert.assertTrue(Assert.java:67)
	at tests.HotelTest.hotelFilterApplicationTest(HotelTest.java:45)
	at java.base/jdk.internal.reflect.DirectMethodHandleAccessor.invoke(DirectMethodHandleAccessor.java:103)
	at java.base/java.lang.reflect.Method.invoke(Method.java:580)
	at org.testng.internal.invokers.MethodInvocationHelper.invokeMethod(MethodInvocationHelper.java:141)
	at org.testng.internal.invokers.TestInvoker.invokeMethod(TestInvoker.java:687)
	at org.testng.internal.invokers.TestInvoker.invokeTestMethod(TestInvoker.java:230)
	at org.testng.internal.invokers.MethodRunner.runInSequence(MethodRunner.java:63)
	at org.testng.internal.invokers.TestInvoker$MethodInvocationAgent.invoke(TestInvoker.java:995)
	at org.testng.internal.invokers.TestInvoker.invokeTestMethods(TestInvoker.java:203)
	at org.testng.internal.invokers.TestMethodWorker.invokeTestMethods(TestMethodWorker.java:154)
	at org.testng.internal.invokers.TestMethodWorker.run(TestMethodWorker.java:134)
	at java.base/java.util.ArrayList.forEach(ArrayList.java:1596)
	at org.testng.TestRunner.privateRun(TestRunner.java:741)
	at org.testng.TestRunner.run(TestRunner.java:616)
	at org.testng.SuiteRunner.runTest(SuiteRunner.java:421)
	at org.testng.SuiteRunner.runSequentially(SuiteRunner.java:413)
	at org.testng.SuiteRunner.privateRun(SuiteRunner.java:373)
	at org.testng.SuiteRunner.run(SuiteRunner.java:312)
	at org.testng.SuiteRunnerWorker.runSuite(SuiteRunnerWorker.java:52)
	at org.testng.SuiteRunnerWorker.run(SuiteRunnerWorker.java:95)
	at org.testng.TestNG.runSuitesSequentially(TestNG.java:1274)
	at org.testng.TestNG.runSuitesLocally(TestNG.java:1208)
	at org.testng.TestNG.runSuites(TestNG.java:1112)
	at org.testng.TestNG.run(TestNG.java:1079)
	at org.testng.remote.AbstractRemoteTestNG.run(AbstractRemoteTestNG.java:115)
	at org.testng.remote.RemoteTestNG.initAndRun(RemoteTestNG.java:293)
	at org.testng.remote.RemoteTestNG.main(RemoteTestNG.java:91)
</pre></div></td>
<td>19</td>
<td>tests.HotelTest@35b74c5c</td></tr>
</table><p>
<table width='100%' border='1' class='invocation-passed'>
<tr><td colspan='4' align='center'><b>PASSED TESTS</b></td></tr>
<tr><td><b>Test method</b></td>
<td><b>Attribute(s)</b></td>
<td width="30%"><b>Exception</b></td>
<td width="10%"><b>Time (seconds)</b></td>
<td><b>Instance</b></td>
</tr>
<tr>
<td title='tests.FlightTest.ads()'><b>ads</b><br>Test class: tests.FlightTest</td>
<td></td>
<td>0</td>
<td>tests.FlightTest@3576ddc2</td></tr>
<tr>
<td title='tests.HotelTest.hotelSortResults()'><b>hotelSortResults</b><br>Test class: tests.HotelTest<br>Test method: Sort hotel results by rating or lowest price</td>
<td></td>
<td>13</td>
<td>tests.HotelTest@35b74c5c</td></tr>
<tr>
<td title='tests.LoginTest.EnterLoginCredential()'><b>EnterLoginCredential</b><br>Test class: tests.LoginTest</td>
<td></td>
<td>2</td>
<td>tests.LoginTest@18ece7f4</td></tr>
<tr>
<td title='tests.HotelTest.hotelSearchWithFutureDatesTest()'><b>hotelSearchWithFutureDatesTest</b><br>Test class: tests.HotelTest<br>Test method: Search hotels in a valid location with future check-in and check-out dates</td>
<td></td>
<td>7</td>
<td>tests.HotelTest@35b74c5c</td></tr>
<tr>
<td title='tests.HotelTest.hotelRoomBooking()'><b>hotelRoomBooking</b><br>Test class: tests.HotelTest<br>Test method: Book a hotel room with valid guest details</td>
<td></td>
<td>10</td>
<td>tests.HotelTest@35b74c5c</td></tr>
<tr>
<td title='tests.HotelTest.hotelDetailPageValidation()'><b>hotelDetailPageValidation</b><br>Test class: tests.HotelTest<br>Test method: Open hotel detail page and verify room types and prices</td>
<td></td>
<td>6</td>
<td>tests.HotelTest@35b74c5c</td></tr>
<tr>
<td title='tests.FlightTest.OneWayTrip()'><b>OneWayTrip</b><br>Test class: tests.FlightTest</td>
<td></td>
<td>22</td>
<td>tests.FlightTest@3576ddc2</td></tr>
<tr>
<td title='tests.HotelTest.hotelSearchWithSameCheckinCheckoutDate()'><b>hotelSearchWithSameCheckinCheckoutDate</b><br>Test class: tests.HotelTest<br>Test method: Same check-in and check-out date should show validation error</td>
<td></td>
<td>14</td>
<td>tests.HotelTest@35b74c5c</td></tr>
<tr>
<td title='tests.LoginTest.testClosePopup()'><b>testClosePopup</b><br>Test class: tests.LoginTest</td>
<td></td>
<td>0</td>
<td>tests.LoginTest@18ece7f4</td></tr>
<tr>
<td title='tests.FlightTest.RoundTrip()'><b>RoundTrip</b><br>Test class: tests.FlightTest</td>
<td></td>
<td>22</td>
<td>tests.FlightTest@3576ddc2</td></tr>
<tr>
<td title='tests.HotelTest.hotelSearchWithoutDestination()'><b>hotelSearchWithoutDestination</b><br>Test class: tests.HotelTest<br>Test method: Search without entering destination should show validation error</td>
<td></td>
<td>6</td>
<td>tests.HotelTest@35b74c5c</td></tr>
<tr>
<td title='tests.HotelTest.hotelSearchWithPastCheckinDate()'><b>hotelSearchWithPastCheckinDate</b><br>Test class: tests.HotelTest<br>Test method: Search with past check-in date should show validation error</td>
<td></td>
<td>6</td>
<td>tests.HotelTest@35b74c5c</td></tr>
</table><p>
</body>
</html>