<?xml version="1.0" encoding="UTF-8"?>
<!-- Generated by org.testng.reporters.JUnitXMLReporter -->
<testsuite ignored="0" hostname="Anshu" failures="1" tests="13" name="RegressionTests" time="219.802" errors="0" timestamp="2025-08-30T09:19:09 IST">
  <testcase classname="tests.LoginTest" name="EnterLoginCredential" time="5.908"/>
  <testcase classname="tests.LoginTest" name="testClosePopup" time="1.266"/>
  <testcase classname="tests.FlightTest" name="ads" time="0.817"/>
  <testcase classname="tests.FlightTest" name="OneWayTrip" time="31.899"/>
  <testcase classname="tests.FlightTest" name="RoundTrip" time="36.508"/>
  <testcase classname="tests.HotelTest" name="hotelSearchWithFutureDatesTest" time="20.021"/>
  <testcase classname="tests.HotelTest" name="hotelFilterApplicationTest" time="19.001"/>
  <testcase classname="tests.HotelTest" name="hotelSortResults" time="1.2"/>
  <testcase classname="tests.HotelTest" name="hotelDetailPageValidation" time="7.195"/>
  <testcase classname="tests.HotelTest" name="hotelRoomBooking" time="4.288">
    <failure type="org.openqa.selenium.StaleElementReferenceException" message="The element with the reference 57aeedf3-4fe2-4354-89b2-f1610026a3bf is stale; either its node document is not the active document, or it is no longer connected to the DOM
For documentation on this error, please visit: https://www.selenium.dev/documentation/webdriver/troubleshooting/errors#stale-element-reference-exception
Build info: version: &amp;apos;4.29.0&amp;apos;, revision: &amp;apos;5fc1ec94cb&amp;apos;
System info: os.name: &amp;apos;Windows 11&amp;apos;, os.arch: &amp;apos;amd64&amp;apos;, os.version: &amp;apos;10.0&amp;apos;, java.version: &amp;apos;21.0.7&amp;apos;
Driver info: org.openqa.selenium.firefox.FirefoxDriver
Command: [6d3f8a48-78ae-457e-8370-ae51b4c3a4c1, clickElement {id=57aeedf3-4fe2-4354-89b2-f1610026a3bf}]
Capabilities {acceptInsecureCerts: true, browserName: firefox, browserVersion: 142.0.1, moz:accessibilityChecks: false, moz:buildID: 20250827004350, moz:geckodriverVersion: 0.36.0, moz:headless: false, moz:platformVersion: 10.0, moz:processID: 15228, moz:profile: C:\Users\anshu\AppData\Loca..., moz:shutdownTimeout: 60000, moz:webdriverClick: true, moz:windowless: false, pageLoadStrategy: normal, platformName: windows, proxy: Proxy(), setWindowRect: true, strictFileInteractability: false, timeouts: {implicit: 0, pageLoad: 300000, script: 30000}, unhandledPromptBehavior: dismiss and notify, userAgent: Mozilla/5.0 (Windows NT 10....}
Element: [[FirefoxDriver: firefox on windows (6d3f8a48-78ae-457e-8370-ae51b4c3a4c1)] -&amp;gt; xpath: //button[contains(@class, &amp;apos;bkngOption__cta&amp;apos;) and normalize-space(text())=&amp;apos;BOOK THIS NOW&amp;apos;]]
Session ID: 6d3f8a48-78ae-457e-8370-ae51b4c3a4c1">
      <![CDATA[org.openqa.selenium.StaleElementReferenceException: The element with the reference 57aeedf3-4fe2-4354-89b2-f1610026a3bf is stale; either its node document is not the active document, or it is no longer connected to the DOM
For documentation on this error, please visit: https://www.selenium.dev/documentation/webdriver/troubleshooting/errors#stale-element-reference-exception
Build info: version: '4.29.0', revision: '5fc1ec94cb'
System info: os.name: 'Windows 11', os.arch: 'amd64', os.version: '10.0', java.version: '21.0.7'
Driver info: org.openqa.selenium.firefox.FirefoxDriver
Command: [6d3f8a48-78ae-457e-8370-ae51b4c3a4c1, clickElement {id=57aeedf3-4fe2-4354-89b2-f1610026a3bf}]
Capabilities {acceptInsecureCerts: true, browserName: firefox, browserVersion: 142.0.1, moz:accessibilityChecks: false, moz:buildID: 20250827004350, moz:geckodriverVersion: 0.36.0, moz:headless: false, moz:platformVersion: 10.0, moz:processID: 15228, moz:profile: C:\Users\anshu\AppData\Loca..., moz:shutdownTimeout: 60000, moz:webdriverClick: true, moz:windowless: false, pageLoadStrategy: normal, platformName: windows, proxy: Proxy(), setWindowRect: true, strictFileInteractability: false, timeouts: {implicit: 0, pageLoad: 300000, script: 30000}, unhandledPromptBehavior: dismiss and notify, userAgent: Mozilla/5.0 (Windows NT 10....}
Element: [[FirefoxDriver: firefox on windows (6d3f8a48-78ae-457e-8370-ae51b4c3a4c1)] -> xpath: //button[contains(@class, 'bkngOption__cta') and normalize-space(text())='BOOK THIS NOW']]
Session ID: 6d3f8a48-78ae-457e-8370-ae51b4c3a4c1
at org.openqa.selenium.remote.ErrorCodec.decode(ErrorCodec.java:167)
at org.openqa.selenium.remote.codec.w3c.W3CHttpResponseCodec.decode(W3CHttpResponseCodec.java:138)
at org.openqa.selenium.remote.codec.w3c.W3CHttpResponseCodec.decode(W3CHttpResponseCodec.java:50)
at org.openqa.selenium.remote.HttpCommandExecutor.execute(HttpCommandExecutor.java:215)
at org.openqa.selenium.remote.service.DriverCommandExecutor.invokeExecute(DriverCommandExecutor.java:216)
at org.openqa.selenium.remote.service.DriverCommandExecutor.execute(DriverCommandExecutor.java:174)
at org.openqa.selenium.remote.RemoteWebDriver.execute(RemoteWebDriver.java:545)
at org.openqa.selenium.remote.RemoteWebElement.execute(RemoteWebElement.java:223)
at org.openqa.selenium.remote.RemoteWebElement.click(RemoteWebElement.java:76)
at org.openqa.selenium.support.pagefactory.internal.LocatingElementHandler.invoke(LocatingElementHandler.java:51)
at jdk.proxy2/jdk.proxy2.$Proxy13.click(Unknown Source)
at pages.HotelPage.bookRoom(HotelPage.java:276)
at tests.HotelTest.hotelRoomBooking(HotelTest.java:73)
at java.base/java.util.ArrayList.forEach(ArrayList.java:1596)
... Removed 30 stack frames]]>
    </failure>
  </testcase> <!-- hotelRoomBooking -->
  <testcase classname="tests.HotelTest" name="hotelSearchWithPastCheckinDate" time="20.135"/>
  <testcase classname="tests.HotelTest" name="hotelSearchWithSameCheckinCheckoutDate" time="0.301"/>
  <testcase classname="tests.HotelTest" name="hotelSearchWithoutDestination" time="13.533"/>
</testsuite> <!-- RegressionTests -->
