<html>
<head>
<title>TestNG:  RegressionTests</title>
<link href="../testng.css" rel="stylesheet" type="text/css" />
<link href="../my-testng.css" rel="stylesheet" type="text/css" />

<style type="text/css">
.log { display: none;} 
.stack-trace { display: none;} 
</style>
<script type="text/javascript">
<!--
function flip(e) {
  current = e.style.display;
  if (current == 'block') {
    e.style.display = 'none';
    return 0;
  }
  else {
    e.style.display = 'block';
    return 1;
  }
}

function toggleBox(szDivId, elem, msg1, msg2)
{
  var res = -1;  if (document.getElementById) {
    res = flip(document.getElementById(szDivId));
  }
  else if (document.all) {
    // this is the way old msie versions work
    res = flip(document.all[szDivId]);
  }
  if(elem) {
    if(res == 0) elem.innerHTML = msg1; else elem.innerHTML = msg2;
  }

}

function toggleAllBoxes() {
  if (document.getElementsByTagName) {
    d = document.getElementsByTagName('div');
    for (i = 0; i < d.length; i++) {
      if (d[i].className == 'log') {
        flip(d[i]);
      }
    }
  }
}

// -->
</script>

</head>
<body>
<h2 align='center'>RegressionTests</h2><table border='1' align="center">
<tr>
<td>Tests passed/Failed/Skipped:</td><td>12/1/0</td>
</tr><tr>
<td>Started on:</td><td>Sat Aug 30 09:15:29 IST 2025</td>
</tr>
<tr><td>Total time:</td><td>219 seconds (219802 ms)</td>
</tr><tr>
<td>Included groups:</td><td></td>
</tr><tr>
<td>Excluded groups:</td><td></td>
</tr>
</table><p/>
<small><i>(Hover the method name to see the test class name)</i></small><p/>
<table width='100%' border='1' class='invocation-failed'>
<tr><td colspan='4' align='center'><b>FAILED TESTS</b></td></tr>
<tr><td><b>Test method</b></td>
<td><b>Attribute(s)</b></td>
<td width="30%"><b>Exception</b></td>
<td width="10%"><b>Time (seconds)</b></td>
<td><b>Instance</b></td>
</tr>
<tr>
<td title='tests.HotelTest.hotelRoomBooking()'><b>hotelRoomBooking</b><br>Test class: tests.HotelTest<br>Test method: Book a hotel room with valid guest details</td>
<td><div><pre>org.openqa.selenium.StaleElementReferenceException: The element with the reference 57aeedf3-4fe2-4354-89b2-f1610026a3bf is stale; either its node document is not the active document, or it is no longer connected to the DOM
For documentation on this error, please visit: https://www.selenium.dev/documentation/webdriver/troubleshooting/errors#stale-element-reference-exception
Build info: version: &apos;4.29.0&apos;, revision: &apos;5fc1ec94cb&apos;
System info: os.name: &apos;Windows 11&apos;, os.arch: &apos;amd64&apos;, os.version: &apos;10.0&apos;, java.version: &apos;21.0.7&apos;
Driver info: org.openqa.selenium.firefox.FirefoxDriver
Command: [6d3f8a48-78ae-457e-8370-ae51b4c3a4c1, clickElement {id=57aeedf3-4fe2-4354-89b2-f1610026a3bf}]
Capabilities {acceptInsecureCerts: true, browserName: firefox, browserVersion: 142.0.1, moz:accessibilityChecks: false, moz:buildID: 20250827004350, moz:geckodriverVersion: 0.36.0, moz:headless: false, moz:platformVersion: 10.0, moz:processID: 15228, moz:profile: C:\Users\anshu\AppData\Loca..., moz:shutdownTimeout: 60000, moz:webdriverClick: true, moz:windowless: false, pageLoadStrategy: normal, platformName: windows, proxy: Proxy(), setWindowRect: true, strictFileInteractability: false, timeouts: {implicit: 0, pageLoad: 300000, script: 30000}, unhandledPromptBehavior: dismiss and notify, userAgent: Mozilla/5.0 (Windows NT 10....}
Element: [[FirefoxDriver: firefox on windows (6d3f8a48-78ae-457e-8370-ae51b4c3a4c1)] -&gt; xpath: //button[contains(@class, &apos;bkngOption__cta&apos;) and normalize-space(text())=&apos;BOOK THIS NOW&apos;]]
Session ID: 6d3f8a48-78ae-457e-8370-ae51b4c3a4c1
	at org.openqa.selenium.remote.ErrorCodec.decode(ErrorCodec.java:167)
	at org.openqa.selenium.remote.codec.w3c.W3CHttpResponseCodec.decode(W3CHttpResponseCodec.java:138)
	at org.openqa.selenium.remote.codec.w3c.W3CHttpResponseCodec.decode(W3CHttpResponseCodec.java:50)
	at org.openqa.selenium.remote.HttpCommandExecutor.execute(HttpCommandExecutor.java:215)
	at org.openqa.selenium.remote.service.DriverCommandExecutor.invokeExecute(DriverCommandExecutor.java:216)
	at org.openqa.selenium.remote.service.DriverCommandExecutor.execute(DriverCommandExecutor.java:174)
	at org.openqa.selenium.remote.RemoteWebDriver.execute(RemoteWebDriver.java:545)
	at org.openqa.selenium.remote.RemoteWebElement.execute(RemoteWebElement.java:223)
	at org.openqa.selenium.remote.RemoteWebElement.click(RemoteWebElement.java:76)
	at org.openqa.selenium.support.pagefactory.internal.LocatingElementHandler.invoke(LocatingElementHandler.java:51)
	at jdk.proxy2/jdk.proxy2.$Proxy13.click(Unknown Source)
	at pages.HotelPage.bookRoom(HotelPage.java:276)
	at tests.HotelTest.hotelRoomBooking(HotelTest.java:73)
	at java.base/java.util.ArrayList.forEach(ArrayList.java:1596)
... Removed 30 stack frames</pre></div><a href='#' onClick='toggleBox("stack-trace1668004795", this, "Click to show all stack frames", "Click to hide stack frames")'>Click to show all stack frames</a>
<div class='stack-trace' id='stack-trace1668004795'><pre>org.openqa.selenium.StaleElementReferenceException: The element with the reference 57aeedf3-4fe2-4354-89b2-f1610026a3bf is stale; either its node document is not the active document, or it is no longer connected to the DOM
For documentation on this error, please visit: https://www.selenium.dev/documentation/webdriver/troubleshooting/errors#stale-element-reference-exception
Build info: version: &apos;4.29.0&apos;, revision: &apos;5fc1ec94cb&apos;
System info: os.name: &apos;Windows 11&apos;, os.arch: &apos;amd64&apos;, os.version: &apos;10.0&apos;, java.version: &apos;21.0.7&apos;
Driver info: org.openqa.selenium.firefox.FirefoxDriver
Command: [6d3f8a48-78ae-457e-8370-ae51b4c3a4c1, clickElement {id=57aeedf3-4fe2-4354-89b2-f1610026a3bf}]
Capabilities {acceptInsecureCerts: true, browserName: firefox, browserVersion: 142.0.1, moz:accessibilityChecks: false, moz:buildID: 20250827004350, moz:geckodriverVersion: 0.36.0, moz:headless: false, moz:platformVersion: 10.0, moz:processID: 15228, moz:profile: C:\Users\anshu\AppData\Loca..., moz:shutdownTimeout: 60000, moz:webdriverClick: true, moz:windowless: false, pageLoadStrategy: normal, platformName: windows, proxy: Proxy(), setWindowRect: true, strictFileInteractability: false, timeouts: {implicit: 0, pageLoad: 300000, script: 30000}, unhandledPromptBehavior: dismiss and notify, userAgent: Mozilla/5.0 (Windows NT 10....}
Element: [[FirefoxDriver: firefox on windows (6d3f8a48-78ae-457e-8370-ae51b4c3a4c1)] -&gt; xpath: //button[contains(@class, &apos;bkngOption__cta&apos;) and normalize-space(text())=&apos;BOOK THIS NOW&apos;]]
Session ID: 6d3f8a48-78ae-457e-8370-ae51b4c3a4c1
	at java.base/jdk.internal.reflect.DirectConstructorHandleAccessor.newInstance(DirectConstructorHandleAccessor.java:62)
	at java.base/java.lang.reflect.Constructor.newInstanceWithCaller(Constructor.java:502)
	at java.base/java.lang.reflect.Constructor.newInstance(Constructor.java:486)
	at org.openqa.selenium.remote.ErrorCodec.decode(ErrorCodec.java:167)
	at org.openqa.selenium.remote.codec.w3c.W3CHttpResponseCodec.decode(W3CHttpResponseCodec.java:138)
	at org.openqa.selenium.remote.codec.w3c.W3CHttpResponseCodec.decode(W3CHttpResponseCodec.java:50)
	at org.openqa.selenium.remote.HttpCommandExecutor.execute(HttpCommandExecutor.java:215)
	at org.openqa.selenium.remote.service.DriverCommandExecutor.invokeExecute(DriverCommandExecutor.java:216)
	at org.openqa.selenium.remote.service.DriverCommandExecutor.execute(DriverCommandExecutor.java:174)
	at org.openqa.selenium.remote.RemoteWebDriver.execute(RemoteWebDriver.java:545)
	at org.openqa.selenium.remote.RemoteWebElement.execute(RemoteWebElement.java:223)
	at org.openqa.selenium.remote.RemoteWebElement.click(RemoteWebElement.java:76)
	at java.base/jdk.internal.reflect.DirectMethodHandleAccessor.invoke(DirectMethodHandleAccessor.java:103)
	at java.base/java.lang.reflect.Method.invoke(Method.java:580)
	at org.openqa.selenium.support.pagefactory.internal.LocatingElementHandler.invoke(LocatingElementHandler.java:51)
	at jdk.proxy2/jdk.proxy2.$Proxy13.click(Unknown Source)
	at pages.HotelPage.bookRoom(HotelPage.java:276)
	at tests.HotelTest.hotelRoomBooking(HotelTest.java:73)
	at java.base/jdk.internal.reflect.DirectMethodHandleAccessor.invoke(DirectMethodHandleAccessor.java:103)
	at java.base/java.lang.reflect.Method.invoke(Method.java:580)
	at org.testng.internal.invokers.MethodInvocationHelper.invokeMethod(MethodInvocationHelper.java:139)
	at org.testng.internal.invokers.TestInvoker.invokeMethod(TestInvoker.java:664)
	at org.testng.internal.invokers.TestInvoker.invokeTestMethod(TestInvoker.java:227)
	at org.testng.internal.invokers.MethodRunner.runInSequence(MethodRunner.java:50)
	at org.testng.internal.invokers.TestInvoker$MethodInvocationAgent.invoke(TestInvoker.java:957)
	at org.testng.internal.invokers.TestInvoker.invokeTestMethods(TestInvoker.java:200)
	at org.testng.internal.invokers.TestMethodWorker.invokeTestMethods(TestMethodWorker.java:148)
	at org.testng.internal.invokers.TestMethodWorker.run(TestMethodWorker.java:128)
	at java.base/java.util.ArrayList.forEach(ArrayList.java:1596)
	at org.testng.TestRunner.privateRun(TestRunner.java:848)
	at org.testng.TestRunner.run(TestRunner.java:621)
	at org.testng.SuiteRunner.runTest(SuiteRunner.java:443)
	at org.testng.SuiteRunner.runSequentially(SuiteRunner.java:437)
	at org.testng.SuiteRunner.privateRun(SuiteRunner.java:397)
	at org.testng.SuiteRunner.run(SuiteRunner.java:336)
	at org.testng.SuiteRunnerWorker.runSuite(SuiteRunnerWorker.java:52)
	at org.testng.SuiteRunnerWorker.run(SuiteRunnerWorker.java:95)
	at org.testng.TestNG.runSuitesSequentially(TestNG.java:1280)
	at org.testng.TestNG.runSuitesLocally(TestNG.java:1200)
	at org.testng.TestNG.runSuites(TestNG.java:1114)
	at org.testng.TestNG.run(TestNG.java:1082)
	at org.testng.remote.AbstractRemoteTestNG.run(AbstractRemoteTestNG.java:115)
	at org.testng.remote.RemoteTestNG.initAndRun(RemoteTestNG.java:293)
	at org.testng.remote.RemoteTestNG.main(RemoteTestNG.java:91)
</pre></div></td>
<td>4</td>
<td>tests.HotelTest@4d1c00d0</td></tr>
</table><p>
<table width='100%' border='1' class='invocation-passed'>
<tr><td colspan='4' align='center'><b>PASSED TESTS</b></td></tr>
<tr><td><b>Test method</b></td>
<td><b>Attribute(s)</b></td>
<td width="30%"><b>Exception</b></td>
<td width="10%"><b>Time (seconds)</b></td>
<td><b>Instance</b></td>
</tr>
<tr>
<td title='tests.HotelTest.hotelSearchWithSameCheckinCheckoutDate()'><b>hotelSearchWithSameCheckinCheckoutDate</b><br>Test class: tests.HotelTest<br>Test method: Same check-in and check-out date should show validation error</td>
<td></td>
<td>0</td>
<td>tests.HotelTest@4d1c00d0</td></tr>
<tr>
<td title='tests.HotelTest.hotelDetailPageValidation()'><b>hotelDetailPageValidation</b><br>Test class: tests.HotelTest<br>Test method: Open hotel detail page and verify room types and prices</td>
<td></td>
<td>7</td>
<td>tests.HotelTest@4d1c00d0</td></tr>
<tr>
<td title='tests.HotelTest.hotelSearchWithoutDestination()'><b>hotelSearchWithoutDestination</b><br>Test class: tests.HotelTest<br>Test method: Search without entering destination should show validation error</td>
<td></td>
<td>13</td>
<td>tests.HotelTest@4d1c00d0</td></tr>
<tr>
<td title='tests.LoginTest.testClosePopup()'><b>testClosePopup</b><br>Test class: tests.LoginTest</td>
<td></td>
<td>1</td>
<td>tests.LoginTest@6ed3ccb2</td></tr>
<tr>
<td title='tests.HotelTest.hotelSortResults()'><b>hotelSortResults</b><br>Test class: tests.HotelTest<br>Test method: Sort hotel results by rating or lowest price</td>
<td></td>
<td>1</td>
<td>tests.HotelTest@4d1c00d0</td></tr>
<tr>
<td title='tests.HotelTest.hotelFilterApplicationTest()'><b>hotelFilterApplicationTest</b><br>Test class: tests.HotelTest<br>Test method: Apply filters like star rating, amenities, and price range</td>
<td></td>
<td>19</td>
<td>tests.HotelTest@4d1c00d0</td></tr>
<tr>
<td title='tests.HotelTest.hotelSearchWithPastCheckinDate()'><b>hotelSearchWithPastCheckinDate</b><br>Test class: tests.HotelTest<br>Test method: Search with past check-in date should show validation error</td>
<td></td>
<td>20</td>
<td>tests.HotelTest@4d1c00d0</td></tr>
<tr>
<td title='tests.FlightTest.OneWayTrip()'><b>OneWayTrip</b><br>Test class: tests.FlightTest</td>
<td></td>
<td>31</td>
<td>tests.FlightTest@79079097</td></tr>
<tr>
<td title='tests.HotelTest.hotelSearchWithFutureDatesTest()'><b>hotelSearchWithFutureDatesTest</b><br>Test class: tests.HotelTest<br>Test method: Search hotels in a valid location with future check-in and check-out dates</td>
<td></td>
<td>20</td>
<td>tests.HotelTest@4d1c00d0</td></tr>
<tr>
<td title='tests.FlightTest.RoundTrip()'><b>RoundTrip</b><br>Test class: tests.FlightTest</td>
<td></td>
<td>36</td>
<td>tests.FlightTest@79079097</td></tr>
<tr>
<td title='tests.LoginTest.EnterLoginCredential()'><b>EnterLoginCredential</b><br>Test class: tests.LoginTest</td>
<td></td>
<td>5</td>
<td>tests.LoginTest@6ed3ccb2</td></tr>
<tr>
<td title='tests.FlightTest.ads()'><b>ads</b><br>Test class: tests.FlightTest</td>
<td></td>
<td>0</td>
<td>tests.FlightTest@79079097</td></tr>
</table><p>
</body>
</html>