<?xml version="1.0" encoding="UTF-8"?>
<!-- Generated by org.testng.reporters.JUnitXMLReporter -->
<testsuite ignored="4" hostname="LAPTOP-755STTQD" failures="0" tests="6" name="RegressionTests-Firefox" time="0.092" errors="0" timestamp="2025-08-28T23:05:46 IST">
  <testcase classname="base.DriverSetup" name="@BeforeSuite openBrowser" time="-1.756402546081E9">
    <failure type="org.testng.TestNGException" message="
Parameter &amp;apos;browser&amp;apos; is required by BeforeSuite on method openBrowser but has not been marked @Optional or defined
in C:\Users\SAYANTAN MONDAL\Desktop\Cognizant trainning\TekStack\eclipse java\MakeMyTrip\testng.xml">
      <![CDATA[org.testng.TestNGException: 
Parameter 'browser' is required by BeforeSuite on method openBrowser but has not been marked @Optional or defined
in C:\Users\SAYANTAN MONDAL\Desktop\Cognizant trainning\TekStack\eclipse java\MakeMyTrip\testng.xml
... Removed 16 stack frames]]>
    </failure>
  </testcase> <!-- @BeforeSuite openBrowser -->
  <testcase classname="tests.LoginTest" name="@BeforeClass setup" time="0.0">
    <skipped/>
  </testcase> <!-- @BeforeClass setup -->
  <testcase classname="tests.LoginTest" name="@BeforeClass setup" time="0.0">
    <skipped/>
  </testcase> <!-- @BeforeClass setup -->
  <testcase classname="tests.HotelTest" name="@BeforeClass Setup" time="0.0">
    <skipped/>
  </testcase> <!-- @BeforeClass Setup -->
  <testcase classname="tests.HotelTest" name="@BeforeClass Setup" time="0.0">
    <skipped/>
  </testcase> <!-- @BeforeClass Setup -->
  <testcase classname="tests.FlightTest" name="@BeforeClass setup" time="0.0">
    <skipped/>
  </testcase> <!-- @BeforeClass setup -->
  <testcase classname="tests.FlightTest" name="@BeforeClass setup" time="0.0">
    <skipped/>
  </testcase> <!-- @BeforeClass setup -->
  <testcase classname="tests.LoginTest" name="EnterLoginCredential" time="0.0">
    <skipped/>
  </testcase> <!-- EnterLoginCredential -->
  <testcase classname="tests.HotelTest" name="searchHotel" time="0.001">
    <skipped/>
  </testcase> <!-- searchHotel -->
  <testcase classname="tests.LoginTest" name="testClosePopup" time="0.001">
    <skipped/>
  </testcase> <!-- testClosePopup -->
  <testcase classname="tests.FlightTest" name="ads" time="0.001">
    <skipped/>
  </testcase> <!-- ads -->
  <testcase classname="tests.FlightTest" name="OneWayTrip" time="0.0">
    <skipped/>
  </testcase> <!-- OneWayTrip -->
  <testcase classname="tests.FlightTest" name="RoundTrip" time="0.0">
    <skipped/>
  </testcase> <!-- RoundTrip -->
  <testcase classname="base.DriverSetup" name="@BeforeSuite openBrowser" time="0.0">
    <ignored/>
  </testcase> <!-- @BeforeSuite openBrowser -->
  <testcase classname="base.DriverSetup" name="@AfterSuite closeBrowser" time="0.0">
    <ignored/>
  </testcase> <!-- @AfterSuite closeBrowser -->
  <testcase classname="base.DriverSetup" name="@BeforeSuite openBrowser" time="0.0">
    <ignored/>
  </testcase> <!-- @BeforeSuite openBrowser -->
  <testcase classname="base.DriverSetup" name="@AfterSuite closeBrowser" time="0.0">
    <ignored/>
  </testcase> <!-- @AfterSuite closeBrowser -->
</testsuite> <!-- RegressionTests-Firefox -->
